生成启动时间为 2013/6/14 23:40:32。
     1>项目“D:\works\github\orb3d\labs\cpp\QTEditor\QTEditor\QTEditor.vcxproj”在节点 2 上(Build 个目标)。
     1>InitializeBuildStatus:
         正在创建“x64\Debug\QTEditor.unsuccessfulbuild”，因为已指定“AlwaysCreate”。
       CustomBuild:
         Uic'ing inspectorform.ui...
       ClCompile:
         D:\Program Files (x86)\Microsoft Visual Studio 11.0\VC\bin\x86_amd64\CL.exe /c /I.\GeneratedFiles /I. /ID:\sdk\Qt\Qt5.0.2\5.0.2\msvc2012_64\include /I.\GeneratedFiles\Debug /ID:\sdk\Qt\Qt5.0.2\5.0.2\msvc2012_64\include\QtCore /ID:\sdk\Qt\Qt5.0.2\5.0.2\msvc2012_64\include\QtGui /ID:\sdk\Qt\Qt5.0.2\5.0.2\msvc2012_64\include\QtWidgets /Zi /nologo /W1 /WX- /Od /D UNICODE /D WIN32 /D QT_DLL /D QT_CORE_LIB /D QT_GUI_LIB /D QT_WIDGETS_LIB /Gm- /EHsc /MDd /GS /fp:precise /Zc:wchar_t- /Zc:forScope /Fo"x64\Debug\\" /Fd"x64\Debug\vc110.pdb" /Gd /TP /errorReport:prompt GeneratedFiles\Debug\moc_inspectorform.cpp inspectorform.cpp
         moc_inspectorform.cpp
         inspectorform.cpp
         正在生成代码...
         所有输出均为最新。
       Link:
         D:\Program Files (x86)\Microsoft Visual Studio 11.0\VC\bin\x86_amd64\link.exe /ERRORREPORT:PROMPT /OUT:"D:\works\github\orb3d\labs\cpp\QTEditor\x64\Debug\\QTEditor.exe" /NOLOGO /LIBPATH:D:\sdk\Qt\Qt5.0.2\5.0.2\msvc2012_64\lib qtmaind.lib Qt5Cored.lib Qt5Guid.lib Qt5Widgetsd.lib kernel32.lib user32.lib gdi32.lib winspool.lib comdlg32.lib advapi32.lib shell32.lib ole32.lib oleaut32.lib uuid.lib odbc32.lib odbccp32.lib /MANIFEST /MANIFESTUAC:"level='asInvoker' uiAccess='false'" /manifest:embed /DEBUG /PDB:"D:\works\github\orb3d\labs\cpp\QTEditor\x64\Debug\QTEditor.pdb" /SUBSYSTEM:WINDOWS /TLBID:1 /DYNAMICBASE /NXCOMPAT /IMPLIB:"D:\works\github\orb3d\labs\cpp\QTEditor\x64\Debug\QTEditor.lib" /MACHINE:X64 x64\Debug\moc_inspectorform.obj
         x64\Debug\moc_mdipreviewform.obj
         x64\Debug\moc_mdisceneform.obj
         x64\Debug\moc_qteditor.obj
         x64\Debug\moc_testform.obj
         x64\Debug\qrc_qteditor.obj
         x64\Debug\inspectorform.obj
         x64\Debug\main.obj
         x64\Debug\mdipreviewform.obj
         x64\Debug\mdisceneform.obj
         x64\Debug\qteditor.obj
         x64\Debug\testform.obj
         QTEditor.vcxproj -> D:\works\github\orb3d\labs\cpp\QTEditor\x64\Debug\QTEditor.exe
       FinalizeBuildStatus:
         正在删除文件“x64\Debug\QTEditor.unsuccessfulbuild”。
         正在对“x64\Debug\QTEditor.lastbuildstate”执行 Touch 任务。
     1>已完成生成项目“D:\works\github\orb3d\labs\cpp\QTEditor\QTEditor\QTEditor.vcxproj”(Build 个目标)的操作。

生成成功。

已用时间 00:00:03.32
