D:\WORKS\PROJECTS\GITHUB.COM\ORB3D\LABS\CPP\QTEDITOR\QTEDITOR\X64\DEBUG\QTEDITOR.OBJ
D:\WORKS\PROJECTS\GITHUB.COM\ORB3D\LABS\CPP\QTEDITOR\QTEDITOR\X64\DEBUG\MAIN.OBJ
D:\WORKS\PROJECTS\GITHUB.COM\ORB3D\LABS\CPP\QTEDITOR\QTEDITOR\X64\DEBUG\INSPECTOR.OBJ
D:\WORKS\PROJECTS\GITHUB.COM\ORB3D\LABS\CPP\QTEDITOR\QTEDITOR\X64\DEBUG\MOC_QTEDITOR.OBJ
D:\WORKS\PROJECTS\GITHUB.COM\ORB3D\LABS\CPP\QTEDITOR\QTEDITOR\X64\DEBUG\MOC_INSPECTOR.OBJ
D:\WORKS\PROJECTS\GITHUB.COM\ORB3D\LABS\CPP\QTEDITOR\QTEDITOR\X64\DEBUG\VC110.PDB
D:\WORKS\PROJECTS\GITHUB.COM\ORB3D\LABS\CPP\QTEDITOR\QTEDITOR\X64\DEBUG\QRC_QTEDITOR.OBJ
D:\WORKS\PROJECTS\GITHUB.COM\ORB3D\LABS\CPP\QTEDITOR\QTEDITOR\GENERATEDFILES\DEBUG\MOC_QTEDITOR.CPP
D:\WORKS\PROJECTS\GITHUB.COM\ORB3D\LABS\CPP\QTEDITOR\QTEDITOR\GENERATEDFILES\DEBUG\MOC_INSPECTOR.CPP
D:\WORKS\PROJECTS\GITHUB.COM\ORB3D\LABS\CPP\QTEDITOR\QTEDITOR\GENERATEDFILES\QRC_QTEDITOR.CPP
D:\WORKS\PROJECTS\GITHUB.COM\ORB3D\LABS\CPP\QTEDITOR\QTEDITOR\GENERATEDFILES\UI_INSPECTOR.H
D:\WORKS\PROJECTS\GITHUB.COM\ORB3D\LABS\CPP\QTEDITOR\QTEDITOR\GENERATEDFILES\UI_QTEDITOR.H
D:\WORKS\PROJECTS\GITHUB.COM\ORB3D\LABS\CPP\QTEDITOR\X64\DEBUG\QTEDITOR.ILK
D:\WORKS\PROJECTS\GITHUB.COM\ORB3D\LABS\CPP\QTEDITOR\X64\DEBUG\QTEDITOR.EXE
D:\WORKS\PROJECTS\GITHUB.COM\ORB3D\LABS\CPP\QTEDITOR\X64\DEBUG\QTEDITOR.PDB
D:\works\github.com\orb3d\labs\cpp\QTEditor\QTEditor\x64\Debug\cl.command.1.tlog
D:\works\github.com\orb3d\labs\cpp\QTEditor\QTEditor\x64\Debug\CL.read.1.tlog
D:\works\github.com\orb3d\labs\cpp\QTEditor\QTEditor\x64\Debug\CL.write.1.tlog
D:\works\github.com\orb3d\labs\cpp\QTEditor\QTEditor\x64\Debug\custombuild.command.1.tlog
D:\works\github.com\orb3d\labs\cpp\QTEditor\QTEditor\x64\Debug\custombuild.read.1.tlog
D:\works\github.com\orb3d\labs\cpp\QTEditor\QTEditor\x64\Debug\custombuild.write.1.tlog
D:\works\github.com\orb3d\labs\cpp\QTEditor\QTEditor\x64\Debug\link-cvtres.read.1.tlog
D:\works\github.com\orb3d\labs\cpp\QTEditor\QTEditor\x64\Debug\link-cvtres.write.1.tlog
D:\works\github.com\orb3d\labs\cpp\QTEditor\QTEditor\x64\Debug\link-rc.read.1.tlog
D:\works\github.com\orb3d\labs\cpp\QTEditor\QTEditor\x64\Debug\link-rc.write.1.tlog
D:\works\github.com\orb3d\labs\cpp\QTEditor\QTEditor\x64\Debug\link.5328-cvtres.read.1.tlog
D:\works\github.com\orb3d\labs\cpp\QTEditor\QTEditor\x64\Debug\link.5328-cvtres.write.1.tlog
D:\works\github.com\orb3d\labs\cpp\QTEditor\QTEditor\x64\Debug\link.5328-rc.read.1.tlog
D:\works\github.com\orb3d\labs\cpp\QTEditor\QTEditor\x64\Debug\link.5328-rc.write.1.tlog
D:\works\github.com\orb3d\labs\cpp\QTEditor\QTEditor\x64\Debug\link.5328.read.1.tlog
D:\works\github.com\orb3d\labs\cpp\QTEditor\QTEditor\x64\Debug\link.5328.write.1.tlog
D:\works\github.com\orb3d\labs\cpp\QTEditor\QTEditor\x64\Debug\link.command.1.tlog
D:\works\github.com\orb3d\labs\cpp\QTEditor\QTEditor\x64\Debug\link.read.1.tlog
D:\works\github.com\orb3d\labs\cpp\QTEditor\QTEditor\x64\Debug\link.write.1.tlog
